[SIGAC BOOT ERROR] AggregateError [EACCES]: 
    at C:\Users\Arthur C\Downloads\SIGAC v2\node_modules\pg-pool\index.js:45:11
    at process.processTicksAndRejections (node:internal/process/task_queues:104:5)
    at async Object.exec (C:\Users\Arthur C\Downloads\SIGAC v2\db.js:78:9)
    at async initDatabase (C:\Users\Arthur C\Downloads\SIGAC v2\db.js:102:3)
    at async bootstrap (C:\Users\Arthur C\Downloads\SIGAC v2\server.js:1344:3) {
  code: 'EACCES',
  [errors]: [
    Error: connect EACCES 54.232.181.76:5432
        at createConnectionError (node:net:1746:14)
        at afterConnectMultiple (node:net:1776:16) {
      errno: -4092,
      code: 'EACCES',
      syscall: 'connect',
      address: '54.232.181.76',
      port: 5432
    },
    Error: connect ENETUNREACH 2600:1f1e:2f:650c:e656:26eb:8047:8989:5432
        at createConnectionError (node:net:1746:14)
        at afterConnectMultiple (node:net:1776:16) {
      errno: -4062,
      code: 'ENETUNREACH',
      syscall: 'connect',
      address: '2600:1f1e:2f:650c:e656:26eb:8047:8989',
      port: 5432
    },
    Error: connect EACCES 18.229.40.57:5432
        at createConnectionError (node:net:1746:14)
        at afterConnectMultiple (node:net:1776:16) {
      errno: -4092,
      code: 'EACCES',
      syscall: 'connect',
      address: '18.229.40.57',
      port: 5432
    },
    Error: connect ENETUNREACH 2600:1f1e:2f:6511:53ca:e80a:6f85:6ec3:5432
        at createConnectionError (node:net:1746:14)
        at afterConnectMultiple (node:net:1776:16) {
      errno: -4062,
      code: 'ENETUNREACH',
      syscall: 'connect',
      address: '2600:1f1e:2f:6511:53ca:e80a:6f85:6ec3',
      port: 5432
    },
    Error: connect EACCES 18.230.255.48:5432
        at createConnectionError (node:net:1746:14)
        at afterConnectMultiple (node:net:1776:16) {
      errno: -4092,
      code: 'EACCES',
      syscall: 'connect',
      address: '18.230.255.48',
      port: 5432
    },
    Error: connect ENETUNREACH 2600:1f1e:2f:652d:21b7:8d2c:78a1:afcf:5432
        at createConnectionError (node:net:1746:14)
        at afterConnectMultiple (node:net:1776:16) {
      errno: -4062,
      code: 'ENETUNREACH',
      syscall: 'connect',
      address: '2600:1f1e:2f:652d:21b7:8d2c:78a1:afcf',
      port: 5432
    }
  ]
}
